# Time-averaged data for fix RDF_OUTPUT
# TimeStep Number-of-rows
# Row c_RDF[1] c_RDF[2] c_RDF[3]
150000 150
1 0.0116667 0 0
2 0.035 0 0
3 0.0583333 0 0
4 0.0816667 0 0
5 0.105 0 0
6 0.128333 0 0
7 0.151667 0 0
8 0.175 0 0
9 0.198333 0 0
10 0.221667 0 0
11 0.245 0 0
12 0.268333 0 0
13 0.291667 0 0
14 0.315 0 0
15 0.338333 0 0
16 0.361667 0 0
17 0.385 0 0
18 0.408333 0 0
19 0.431667 0 0
20 0.455 0 0
21 0.478333 0 0
22 0.501667 0 0
23 0.525 0 0
24 0.548333 0 0
25 0.571667 0 0
26 0.595 0 0
27 0.618333 0 0
28 0.641667 0 0
29 0.665 0 0
30 0.688333 0 0
31 0.711667 0 0
32 0.735 0 0
33 0.758333 0 0
34 0.781667 0 0
35 0.805 0 0
36 0.828333 0 0
37 0.851667 0 0
38 0.875 0.000140695 1.57895e-06
39 0.898333 0.00369298 4.52632e-05
40 0.921667 0.0604454 0.000797895
41 0.945 0.401638 0.00605526
42 0.968333 1.38807 0.0251332
43 0.991667 3.19412 0.0711747
44 1.015 5.38707 0.152524
45 1.03833 7.38786 0.269274
46 1.06167 8.88653 0.416091
47 1.085 9.56059 0.581062
48 1.10833 9.70216 0.755754
49 1.13167 9.42571 0.932689
50 1.155 8.89762 1.10667
51 1.17833 8.27314 1.27504
52 1.20167 7.60729 1.43605
53 1.225 6.98703 1.58974
54 1.24833 6.44242 1.73689
55 1.27167 5.91699 1.87714
56 1.295 5.44257 2.01093
57 1.31833 5.07683 2.14026
58 1.34167 4.74047 2.26533
59 1.365 4.46888 2.38738
60 1.38833 4.2095 2.5063
61 1.41167 3.99565 2.62301
62 1.435 3.81894 2.73828
63 1.45833 3.6604 2.85238
64 1.48167 3.51998 2.96565
65 1.505 3.42554 3.07938
66 1.52833 3.34636 3.19394
67 1.55167 3.26968 3.30933
68 1.575 3.20903 3.42601
69 1.59833 3.17207 3.54479
70 1.62167 3.1375 3.66573
71 1.645 3.12452 3.78965
72 1.66833 3.12057 3.91696
73 1.69167 3.12924 4.04822
74 1.715 3.14323 4.18373
75 1.73833 3.17061 4.32416
76 1.76167 3.20662 4.47002
77 1.785 3.26033 4.62228
78 1.80833 3.30495 4.78069
79 1.83167 3.36439 4.94614
80 1.855 3.42943 5.1191
81 1.87833 3.48922 5.29954
82 1.90167 3.54266 5.48732
83 1.925 3.62731 5.68434
84 1.94833 3.67828 5.88899
85 1.97167 3.75246 6.10281
86 1.995 3.81216 6.32519
87 2.01833 3.86861 6.55618
88 2.04167 3.91053 6.79511
89 2.065 3.94287 7.04154
90 2.08833 3.96149 7.29477
91 2.11167 3.96766 7.55409
92 2.135 3.97023 7.81935
93 2.15833 3.94671 8.08883
94 2.18167 3.92029 8.36232
95 2.205 3.87417 8.63841
96 2.22833 3.82151 8.91654
97 2.25167 3.76148 9.19606
98 2.275 3.69743 9.47655
99 2.29833 3.63186 9.75775
100 2.32167 3.5838 10.0409
101 2.345 3.51115 10.3239
102 2.36833 3.46346 10.6086
103 2.39167 3.397 10.8934
104 2.415 3.34745 11.1796
105 2.43833 3.29504 11.4667
106 2.46167 3.25867 11.7562
107 2.485 3.21356 12.047
108 2.50833 3.18224 12.3405
109 2.53167 3.15688 12.6371
110 2.555 3.12861 12.9364
111 2.57833 3.10256 13.2387
112 2.60167 3.08313 13.5446
113 2.625 3.07433 13.8551
114 2.64833 3.06106 14.1698
115 2.67167 3.0514 14.489
116 2.695 3.0483 14.8135
117 2.71833 3.04711 15.1435
118 2.74167 3.04476 15.479
119 2.765 3.04669 15.8204
120 2.78833 3.05137 16.1681
121 2.81167 3.05108 16.5217
122 2.835 3.06212 16.8824
123 2.85833 3.05781 17.2486
124 2.88167 3.07074 17.6223
125 2.905 3.064 18.0013
126 2.92833 3.06988 18.3871
127 2.95167 3.07313 18.7796
128 2.975 3.06286 19.1769
129 2.99833 3.06699 19.581
130 3.02167 3.05428 19.9898
131 3.045 3.05293 20.4047
132 3.06833 3.04181 20.8244
133 3.09167 3.03036 21.249
134 3.115 3.01431 21.6777
135 3.13833 3.00101 22.1109
136 3.16167 2.98814 22.5487
137 3.185 2.96583 22.9897
138 3.20833 2.95298 23.4352
139 3.23167 2.93383 23.8843
140 3.255 2.91306 24.3367
141 3.27833 2.88945 24.7919
142 3.30167 2.87432 25.2511
143 3.325 2.84419 25.712
144 3.34833 2.82487 26.1762
145 3.37167 2.80432 26.6435
146 3.395 2.78248 27.1135
147 3.41833 2.76528 27.5871
148 3.44167 2.74811 28.0642
149 3.465 2.72615 28.544
150 3.48833 2.71003 29.0273
200000 150
1 0.0116667 0 0
2 0.035 0 0
3 0.0583333 0 0
4 0.0816667 0 0
5 0.105 0 0
6 0.128333 0 0
7 0.151667 0 0
8 0.175 0 0
9 0.198333 0 0
10 0.221667 0 0
11 0.245 0 0
12 0.268333 0 0
13 0.291667 0 0
14 0.315 0 0
15 0.338333 0 0
16 0.361667 0 0
17 0.385 0 0
18 0.408333 0 0
19 0.431667 0 0
20 0.455 0 0
21 0.478333 0 0
22 0.501667 0 0
23 0.525 0 0
24 0.548333 0 0
25 0.571667 0 0
26 0.595 0 0
27 0.618333 0 0
28 0.641667 0 0
29 0.665 0 0
30 0.688333 0 0
31 0.711667 0 0
32 0.735 0 0
33 0.758333 0 0
34 0.781667 0 0
35 0.805 0 0
36 0.828333 0 0
37 0.851667 0 0
38 0.875 0 0
39 0.898333 0.00258064 3.05263e-05
40 0.921667 0.0464119 0.000608421
41 0.945 0.309803 0.00466368
42 0.968333 1.05821 0.0192079
43 0.991667 2.45663 0.0546189
44 1.015 4.18825 0.117865
45 1.03833 5.77994 0.209205
46 1.06167 6.89111 0.323055
47 1.085 7.50396 0.452538
48 1.10833 7.58073 0.589033
49 1.13167 7.41926 0.728304
50 1.155 7.00455 0.865268
51 1.17833 6.54018 0.998372
52 1.20167 6.05132 1.12645
53 1.225 5.58751 1.24935
54 1.24833 5.14471 1.36686
55 1.27167 4.75004 1.47945
56 1.295 4.41115 1.58788
57 1.31833 4.10086 1.69235
58 1.34167 3.8415 1.79371
59 1.365 3.61233 1.89236
60 1.38833 3.4184 1.98894
61 1.41167 3.26071 2.08418
62 1.435 3.11316 2.17815
63 1.45833 2.98099 2.27107
64 1.48167 2.87404 2.36355
65 1.505 2.78552 2.45603
66 1.52833 2.72416 2.54929
67 1.55167 2.65597 2.64302
68 1.575 2.61816 2.73822
69 1.59833 2.56884 2.83441
70 1.62167 2.54323 2.93244
71 1.645 2.5357 3.03301
72 1.66833 2.51777 3.13573
73 1.69167 2.51156 3.24108
74 1.715 2.52588 3.34997
75 1.73833 2.54626 3.46275
76 1.76167 2.5721 3.57975
77 1.785 2.59178 3.70079
78 1.80833 2.63259 3.82697
79 1.83167 2.6579 3.95767
80 1.855 2.70631 4.09417
81 1.87833 2.75525 4.23665
82 1.90167 2.79678 4.3849
83 1.925 2.84761 4.53956
84 1.94833 2.89005 4.70036
85 1.97167 2.93529 4.86761
86 1.995 2.98271 5.04161
87 2.01833 3.00588 5.22109
88 2.04167 3.041 5.40689
89 2.065 3.06977 5.59875
90 2.08833 3.08186 5.79575
91 2.11167 3.09946 5.99833
92 2.135 3.07952 6.20408
93 2.15833 3.07486 6.41403
94 2.18167 3.04119 6.62619
95 2.205 3.00891 6.84062
96 2.22833 2.97809 7.05736
97 2.25167 2.94044 7.27587
98 2.275 2.90564 7.4963
99 2.29833 2.85355 7.71723
100 2.32167 2.80842 7.93911
101 2.345 2.7716 8.1625
102 2.36833 2.73052 8.38698
103 2.39167 2.69344 8.6128
104 2.415 2.65466 8.83973
105 2.43833 2.62248 9.06827
106 2.46167 2.58468 9.29784
107 2.485 2.56525 9.53002
108 2.50833 2.546 9.76481
109 2.53167 2.51893 10.0014
110 2.555 2.49566 10.2402
111 2.57833 2.47788 10.4817
112 2.60167 2.47587 10.7273
113 2.625 2.46624 10.9764
114 2.64833 2.45373 11.2286
115 2.67167 2.44258 11.4842
116 2.695 2.44475 11.7444
117 2.71833 2.44269 12.009
118 2.74167 2.44318 12.2782
119 2.765 2.44517 12.5522
120 2.78833 2.44576 12.8309
121 2.81167 2.44986 13.1148
122 2.835 2.45447 13.4039
123 2.85833 2.45613 13.698
124 2.88167 2.45184 13.9964
125 2.905 2.4594 14.3007
126 2.92833 2.46455 14.6104
127 2.95167 2.46156 14.9247
128 2.975 2.46045 15.2439
129 2.99833 2.46417 15.5686
130 3.02167 2.45786 15.8976
131 3.045 2.45149 16.2307
132 3.06833 2.4458 16.5682
133 3.09167 2.43941 16.91
134 3.115 2.43171 17.2558
135 3.13833 2.42231 17.6055
136 3.16167 2.41343 17.9591
137 3.185 2.40071 18.3161
138 3.20833 2.38912 18.6765
139 3.23167 2.37738 19.0404
140 3.255 2.36738 19.4081
141 3.27833 2.3515 19.7785
142 3.30167 2.33368 20.1514
143 3.325 2.32459 20.5281
144 3.34833 2.30869 20.9074
145 3.37167 2.28845 21.2887
146 3.395 2.27646 21.6733
147 3.41833 2.2646 22.0612
148 3.44167 2.25004 22.4518
149 3.465 2.24139 22.8463
150 3.48833 2.23161 23.2443
250000 150
1 0.0116667 0 0
2 0.035 0 0
3 0.0583333 0 0
4 0.0816667 0 0
5 0.105 0 0
6 0.128333 0 0
7 0.151667 0 0
8 0.175 0 0
9 0.198333 0 0
10 0.221667 0 0
11 0.245 0 0
12 0.268333 0 0
13 0.291667 0 0
14 0.315 0 0
15 0.338333 0 0
16 0.361667 0 0
17 0.385 0 0
18 0.408333 0 0
19 0.431667 0 0
20 0.455 0 0
21 0.478333 0 0
22 0.501667 0 0
23 0.525 0 0
24 0.548333 0 0
25 0.571667 0 0
26 0.595 0 0
27 0.618333 0 0
28 0.641667 0 0
29 0.665 0 0
30 0.688333 0 0
31 0.711667 0 0
32 0.735 0 0
33 0.758333 0 0
34 0.781667 0 0
35 0.805 0 0
36 0.828333 0 0
37 0.851667 0 0
38 0.875 4.68982e-05 5.26316e-07
39 0.898333 0.00342602 4.10526e-05
40 0.921667 0.0532173 0.000703684
41 0.945 0.354876 0.00534895
42 0.968333 1.3273 0.0235916
43 0.991667 3.11671 0.0685174
44 1.015 5.33855 0.149134
45 1.03833 7.39189 0.265948
46 1.06167 8.86178 0.412355
47 1.085 9.59372 0.577898
48 1.10833 9.68181 0.752224
49 1.13167 9.36932 0.928101
50 1.155 8.84949 1.10114
51 1.17833 8.20626 1.26815
52 1.20167 7.51641 1.42724
53 1.225 6.88134 1.5786
54 1.24833 6.31311 1.7228
55 1.27167 5.78581 1.85994
56 1.295 5.33956 1.99119
57 1.31833 4.94194 2.11709
58 1.34167 4.60273 2.23853
59 1.365 4.33288 2.35686
60 1.38833 4.06473 2.47169
61 1.41167 3.84401 2.58398
62 1.435 3.66019 2.69445
63 1.45833 3.51522 2.80403
64 1.48167 3.39891 2.9134
65 1.505 3.28567 3.02248
66 1.52833 3.21532 3.13256
67 1.55167 3.13095 3.24305
68 1.575 3.07826 3.35498
69 1.59833 3.0516 3.46924
70 1.62167 3.01133 3.58532
71 1.645 3.00101 3.70435
72 1.66833 2.9996 3.82672
73 1.69167 3.01178 3.95305
74 1.715 3.03846 4.08404
75 1.73833 3.07281 4.22014
76 1.76167 3.10956 4.36159
77 1.785 3.15579 4.50897
78 1.80833 3.22436 4.66352
79 1.83167 3.27408 4.82452
80 1.855 3.35091 4.99353
81 1.87833 3.41207 5.16997
82 1.90167 3.48795 5.35485
83 1.925 3.56155 5.5483
84 1.94833 3.63311 5.75044
85 1.97167 3.69815 5.96116
86 1.995 3.75853 6.18042
87 2.01833 3.81198 6.40803
88 2.04167 3.86052 6.6439
89 2.065 3.89488 6.88733
90 2.08833 3.90658 7.13705
91 2.11167 3.9222 7.3934
92 2.135 3.91488 7.65496
93 2.15833 3.8855 7.92026
94 2.18167 3.84762 8.18868
95 2.205 3.80858 8.46009
96 2.22833 3.75269 8.73321
97 2.25167 3.68745 9.00724
98 2.275 3.62751 9.28242
99 2.29833 3.55759 9.55787
100 2.32167 3.49639 9.8341
101 2.345 3.44451 10.1117
102 2.36833 3.37763 10.3894
103 2.39167 3.31816 10.6676
104 2.415 3.26483 10.9467
105 2.43833 3.22955 11.2281
106 2.46167 3.18377 11.5109
107 2.485 3.14067 11.7952
108 2.50833 3.11209 12.0822
109 2.53167 3.0831 12.3718
110 2.555 3.05818 12.6644
111 2.57833 3.04458 12.9611
112 2.60167 3.0293 13.2616
113 2.625 3.01876 13.5665
114 2.64833 3.0196 13.8769
115 2.67167 3.01578 14.1924
116 2.695 3.01619 14.5135
117 2.71833 3.00738 14.8392
118 2.74167 3.01282 15.1712
119 2.765 3.02527 15.5102
120 2.78833 3.03422 15.856
121 2.81167 3.051 16.2095
122 2.835 3.0447 16.5682
123 2.85833 3.05894 16.9345
124 2.88167 3.0659 17.3076
125 2.905 3.07792 17.6883
126 2.92833 3.07783 18.0752
127 2.95167 3.08241 18.4688
128 2.975 3.08524 18.869
129 2.99833 3.09031 19.2762
130 3.02167 3.08692 19.6894
131 3.045 3.07878 20.1078
132 3.06833 3.0782 20.5325
133 3.09167 3.06396 20.9618
134 3.115 3.04905 21.3954
135 3.13833 3.03762 21.8339
136 3.16167 3.02291 22.2768
137 3.185 3.00133 22.7231
138 3.20833 2.98599 23.1736
139 3.23167 2.96686 23.6278
140 3.255 2.94821 24.0856
141 3.27833 2.93331 24.5477
142 3.30167 2.90277 25.0115
143 3.325 2.88795 25.4794
144 3.34833 2.86684 25.9505
145 3.37167 2.8453 26.4246
146 3.395 2.83098 26.9029
147 3.41833 2.8023 27.3828
148 3.44167 2.79161 27.8675
149 3.465 2.7749 28.3558
150 3.48833 2.7591 28.8479
300000 150
1 0.0116667 0 0
2 0.035 0 0
3 0.0583333 0 0
4 0.0816667 0 0
5 0.105 0 0
6 0.128333 0 0
7 0.151667 0 0
8 0.175 0 0
9 0.198333 0 0
10 0.221667 0 0
11 0.245 0 0
12 0.268333 0 0
13 0.291667 0 0
14 0.315 0 0
15 0.338333 0 0
16 0.361667 0 0
17 0.385 0 0
18 0.408333 0 0
19 0.431667 0 0
20 0.455 0 0
21 0.478333 0 0
22 0.501667 0 0
23 0.525 0 0
24 0.548333 0 0
25 0.571667 0 0
26 0.595 0 0
27 0.618333 0 0
28 0.641667 0 0
29 0.665 0 0
30 0.688333 0 0
31 0.711667 0 0
32 0.735 0 0
33 0.758333 0 0
34 0.781667 0 0
35 0.805 0 0
36 0.828333 0 0
37 0.851667 0 0
38 0.875 0 0
39 0.898333 0.00329254 3.89474e-05
40 0.921667 0.0691952 0.000900526
41 0.945 0.530585 0.00784579
42 0.968333 2.05993 0.0361579
43 0.991667 5.01483 0.108444
44 1.015 8.81642 0.241579
45 1.03833 12.346 0.436684
46 1.06167 14.8027 0.681242
47 1.085 15.9069 0.955721
48 1.10833 15.9632 1.24315
49 1.13167 15.2382 1.52919
50 1.155 14.1112 1.80512
51 1.17833 12.9044 2.06774
52 1.20167 11.6836 2.31503
53 1.225 10.5588 2.54728
54 1.24833 9.54838 2.76538
55 1.27167 8.63908 2.97015
56 1.295 7.87768 3.16379
57 1.31833 7.23162 3.34802
58 1.34167 6.65928 3.52372
59 1.365 6.19891 3.69301
60 1.38833 5.81547 3.85731
61 1.41167 5.48886 4.01763
62 1.435 5.2111 4.17492
63 1.45833 4.97722 4.33007
64 1.48167 4.80135 4.48457
65 1.505 4.66071 4.6393
66 1.52833 4.5374 4.79465
67 1.55167 4.45172 4.95175
68 1.575 4.37631 5.11087
69 1.59833 4.34847 5.2737
70 1.62167 4.33743 5.44089
71 1.645 4.34378 5.61318
72 1.66833 4.37821 5.79179
73 1.69167 4.44998 5.97845
74 1.715 4.52051 6.17333
75 1.73833 4.62986 6.37839
76 1.76167 4.73949 6.59398
77 1.785 4.87486 6.82165
78 1.80833 5.01648 7.06209
79 1.83167 5.17123 7.31639
80 1.855 5.3151 7.58446
81 1.87833 5.50146 7.86896
82 1.90167 5.62705 8.16722
83 1.925 5.79154 8.48179
84 1.94833 5.92235 8.8113
85 1.97167 6.05887 9.15653
86 1.995 6.18489 9.51734
87 2.01833 6.29202 9.89303
88 2.04167 6.38303 10.283
89 2.065 6.4288 10.6848
90 2.08833 6.46495 11.0981
91 2.11167 6.48131 11.5217
92 2.135 6.43201 11.9514
93 2.15833 6.37439 12.3867
94 2.18167 6.29429 12.8258
95 2.205 6.18818 13.2668
96 2.22833 6.06681 13.7083
97 2.25167 5.94124 14.1498
98 2.275 5.79119 14.5891
99 2.29833 5.65874 15.0273
100 2.32167 5.52991 15.4641
101 2.345 5.38998 15.8986
102 2.36833 5.27923 16.3326
103 2.39167 5.17437 16.7664
104 2.415 5.06893 17.1997
105 2.43833 4.98325 17.634
106 2.46167 4.91993 18.071
107 2.485 4.8449 18.5095
108 2.50833 4.79809 18.952
109 2.53167 4.75057 19.3983
110 2.555 4.72511 19.8504
111 2.57833 4.69952 20.3083
112 2.60167 4.69396 20.774
113 2.625 4.6862 21.2473
114 2.64833 4.68841 21.7292
115 2.67167 4.70685 22.2217
116 2.695 4.72155 22.7243
117 2.71833 4.74574 23.2383
118 2.74167 4.77613 23.7645
119 2.765 4.80418 24.3028
120 2.78833 4.85494 24.8561
121 2.81167 4.8791 25.4215
122 2.835 4.91168 26.0001
123 2.85833 4.93845 26.5914
124 2.88167 4.96633 27.1959
125 2.905 4.99736 27.814
126 2.92833 5.01463 28.4443
127 2.95167 5.02738 29.0863
128 2.975 5.02753 29.7385
129 2.99833 5.03204 30.4016
130 3.02167 5.02336 31.0738
131 3.045 5.01569 31.7555
132 3.06833 4.99698 32.445
133 3.09167 4.98585 33.1435
134 3.115 4.96627 33.8498
135 3.13833 4.92352 34.5606
136 3.16167 4.89033 35.2771
137 3.185 4.85623 35.9992
138 3.20833 4.80907 36.7247
139 3.23167 4.76425 37.454
140 3.255 4.73116 38.1887
141 3.27833 4.69138 38.9277
142 3.30167 4.65091 39.6708
143 3.325 4.60361 40.4168
144 3.34833 4.55946 41.1661
145 3.37167 4.52131 41.9194
146 3.395 4.48945 42.6779
147 3.41833 4.45103 43.4402
148 3.44167 4.41369 44.2065
149 3.465 4.38254 44.9777
150 3.48833 4.36263 45.7558
350000 150
1 0.0116667 0 0
2 0.035 0 0
3 0.0583333 0 0
4 0.0816667 0 0
5 0.105 0 0
6 0.128333 0 0
7 0.151667 0 0
8 0.175 0 0
9 0.198333 0 0
10 0.221667 0 0
11 0.245 0 0
12 0.268333 0 0
13 0.291667 0 0
14 0.315 0 0
15 0.338333 0 0
16 0.361667 0 0
17 0.385 0 0
18 0.408333 0 0
19 0.431667 0 0
20 0.455 0 0
21 0.478333 0 0
22 0.501667 0 0
23 0.525 0 0
24 0.548333 0 0
25 0.571667 0 0
26 0.595 0 0
27 0.618333 0 0
28 0.641667 0 0
29 0.665 0 0
30 0.688333 0 0
31 0.711667 0 0
32 0.735 0 0
33 0.758333 0 0
34 0.781667 0 0
35 0.805 0 0
36 0.828333 0 0
37 0.851667 0 0
38 0.875 0 0
39 0.898333 0.00298108 3.52632e-05
40 0.921667 0.0678003 0.000879474
41 0.945 0.659934 0.00951789
42 0.968333 2.95543 0.0501379
43 0.991667 7.92674 0.164398
44 1.015 14.7499 0.387132
45 1.03833 21.2048 0.722232
46 1.06167 25.5809 1.14486
47 1.085 27.3917 1.61751
48 1.10833 27.1349 2.10609
49 1.13167 25.6078 2.58679
50 1.155 23.2427 3.04127
51 1.17833 20.8428 3.46545
52 1.20167 18.4892 3.85679
53 1.225 16.3619 4.21668
54 1.24833 14.532 4.54861
55 1.27167 12.9182 4.85481
56 1.295 11.6123 5.14025
57 1.31833 10.5087 5.40796
58 1.34167 9.60956 5.6615
59 1.365 8.82556 5.90253
60 1.38833 8.18436 6.13375
61 1.41167 7.66717 6.35771
62 1.435 7.25919 6.57681
63 1.45833 6.91947 6.79251
64 1.48167 6.64858 7.00644
65 1.505 6.44998 7.22058
66 1.52833 6.30812 7.43655
67 1.55167 6.20399 7.65549
68 1.575 6.17102 7.87986
69 1.59833 6.17639 8.11114
70 1.62167 6.21095 8.35054
71 1.645 6.29257 8.60013
72 1.66833 6.44452 8.86304
73 1.69167 6.63841 9.14149
74 1.715 6.85265 9.43691
75 1.73833 7.1194 9.75224
76 1.76167 7.42607 10.09
77 1.785 7.73393 10.4512
78 1.80833 8.08924 10.8389
79 1.83167 8.44173 11.2541
80 1.855 8.81356 11.6986
81 1.87833 9.15191 12.1719
82 1.90167 9.47487 12.6741
83 1.925 9.7529 13.2038
84 1.94833 10.0275 13.7617
85 1.97167 10.2459 14.3455
86 1.995 10.4644 14.956
87 2.01833 10.6527 15.592
88 2.04167 10.7839 16.2509
89 2.065 10.8773 16.9308
90 2.08833 10.8992 17.6275
91 2.11167 10.8553 18.337
92 2.135 10.7746 19.0568
93 2.15833 10.609 19.7812
94 2.18167 10.3841 20.5056
95 2.205 10.1576 21.2295
96 2.22833 9.8639 21.9474
97 2.25167 9.57202 22.6587
98 2.275 9.29412 23.3638
99 2.29833 8.97566 24.0587
100 2.32167 8.70845 24.7467
101 2.345 8.44412 25.4273
102 2.36833 8.20684 26.102
103 2.39167 7.9923 26.7721
104 2.415 7.79541 27.4385
105 2.43833 7.6337 28.1037
106 2.46167 7.50234 28.7701
107 2.485 7.39212 29.4391
108 2.50833 7.32853 30.115
109 2.53167 7.26215 30.7972
110 2.555 7.23829 31.4898
111 2.57833 7.23706 32.1949
112 2.60167 7.25293 32.9145
113 2.625 7.30096 33.6519
114 2.64833 7.36387 34.4089
115 2.67167 7.42926 35.1861
116 2.695 7.53343 35.9881
117 2.71833 7.63471 36.815
118 2.74167 7.73087 37.6667
119 2.765 7.83475 38.5447
120 2.78833 7.9452 39.4501
121 2.81167 8.04444 40.3822
122 2.835 8.11592 41.3383
123 2.85833 8.21162 42.3216
124 2.88167 8.28271 43.3298
125 2.905 8.34266 44.3617
126 2.92833 8.39114 45.4163
127 2.95167 8.40446 46.4896
128 2.975 8.40737 47.5802
129 2.99833 8.39292 48.6861
130 3.02167 8.37368 49.8068
131 3.045 8.33362 50.9393
132 3.06833 8.30097 52.0848
133 3.09167 8.22926 53.2377
134 3.115 8.16993 54.3996
135 3.13833 8.07936 55.566
136 3.16167 7.99786 56.7378
137 3.185 7.91057 57.914
138 3.20833 7.80959 59.0922
139 3.23167 7.7077 60.2721
140 3.255 7.62408 61.456
141 3.27833 7.53041 62.6423
142 3.30167 7.44349 63.8316
143 3.325 7.35742 65.0238
144 3.34833 7.26605 66.2178
145 3.37167 7.19232 67.4162
146 3.395 7.11552 68.6183
147 3.41833 7.06463 69.8283
148 3.44167 7.00703 71.0448
149 3.465 6.96503 72.2705
150 3.48833 6.92628 73.5058
400000 150
1 0.0116667 0 0
2 0.035 0 0
3 0.0583333 0 0
4 0.0816667 0 0
5 0.105 0 0
6 0.128333 0 0
7 0.151667 0 0
8 0.175 0 0
9 0.198333 0 0
10 0.221667 0 0
11 0.245 0 0
12 0.268333 0 0
13 0.291667 0 0
14 0.315 0 0
15 0.338333 0 0
16 0.361667 0 0
17 0.385 0 0
18 0.408333 0 0
19 0.431667 0 0
20 0.455 0 0
21 0.478333 0 0
22 0.501667 0 0
23 0.525 0 0
24 0.548333 0 0
25 0.571667 0 0
26 0.595 0 0
27 0.618333 0 0
28 0.641667 0 0
29 0.665 0 0
30 0.688333 0 0
31 0.711667 0 0
32 0.735 0 0
33 0.758333 0 0
34 0.781667 0 0
35 0.805 0 0
36 0.828333 0 0
37 0.851667 0 0
38 0.875 0 0
39 0.898333 0.00146829 1.73684e-05
40 0.921667 0.0481873 0.000617368
41 0.945 0.625798 0.00880895
42 0.968333 3.42281 0.0558526
43 0.991667 10.3444 0.204962
44 1.015 20.6333 0.51654
45 1.03833 30.8509 1.00408
46 1.06167 37.8376 1.6292
47 1.085 40.5622 2.32912
48 1.10833 39.658 3.04318
49 1.13167 36.6144 3.73049
50 1.155 32.7265 4.37041
51 1.17833 28.6019 4.9525
52 1.20167 24.7688 5.47675
53 1.225 21.4445 5.94843
54 1.24833 18.6573 6.37459
55 1.27167 16.3553 6.76226
56 1.295 14.3953 7.11611
57 1.31833 12.8228 7.44277
58 1.34167 11.5595 7.74776
59 1.365 10.5248 8.03519
60 1.38833 9.69232 8.30902
61 1.41167 9.05099 8.57339
62 1.435 8.51881 8.83052
63 1.45833 8.10785 9.08326
64 1.48167 7.81407 9.3347
65 1.505 7.60273 9.5871
66 1.52833 7.45229 9.84225
67 1.55167 7.43041 10.1045
68 1.575 7.45976 10.3757
69 1.59833 7.55645 10.6586
70 1.62167 7.70439 10.9556
71 1.645 7.94261 11.2706
72 1.66833 8.28167 11.6085
73 1.69167 8.65684 11.9716
74 1.715 9.13307 12.3654
75 1.73833 9.66843 12.7936
76 1.76167 10.2582 13.2602
77 1.785 10.896 13.7691
78 1.80833 11.5526 14.3228
79 1.83167 12.2297 14.9242
80 1.855 12.8352 15.5715
81 1.87833 13.4 16.2645
82 1.90167 13.9232 17.0025
83 1.925 14.3352 17.7811
84 1.94833 14.6908 18.5985
85 1.97167 14.9567 19.4507
86 1.995 15.1972 20.3373
87 2.01833 15.4254 21.2583
88 2.04167 15.5515 22.2085
89 2.065 15.6771 23.1883
90 2.08833 15.6563 24.1891
91 2.11167 15.5906 25.2081
92 2.135 15.3938 26.2365
93 2.15833 15.0823 27.2664
94 2.18167 14.7015 28.292
95 2.205 14.2543 29.3078
96 2.22833 13.7503 30.3086
97 2.25167 13.226 31.2914
98 2.275 12.7104 32.2556
99 2.29833 12.2075 33.2008
100 2.32167 11.7009 34.1252
101 2.345 11.2712 35.0337
102 2.36833 10.8703 35.9273
103 2.39167 10.5377 36.8108
104 2.415 10.254 37.6874
105 2.43833 10.0106 38.5597
106 2.46167 9.8506 39.4347
107 2.485 9.73016 40.3154
108 2.50833 9.66721 41.2069
109 2.53167 9.64797 42.1132
110 2.555 9.66725 43.0382
111 2.57833 9.76214 43.9894
112 2.60167 9.87936 44.9695
113 2.625 10.0272 45.9823
114 2.64833 10.2309 47.034
115 2.67167 10.4204 48.1242
116 2.695 10.6849 49.2616
117 2.71833 10.937 50.4462
118 2.74167 11.1763 51.6775
119 2.765 11.4146 52.9566
120 2.78833 11.6629 54.2857
121 2.81167 11.8796 55.6622
122 2.835 12.0544 57.0823
123 2.85833 12.2237 58.546
124 2.88167 12.3459 60.0487
125 2.905 12.4328 61.5865
126 2.92833 12.4735 63.1543
127 2.95167 12.4916 64.7495
128 2.975 12.4666 66.3667
129 2.99833 12.4169 68.0029
130 3.02167 12.3459 69.6551
131 3.045 12.2262 71.3166
132 3.06833 12.0933 72.9854
133 3.09167 11.9726 74.6628
134 3.115 11.8252 76.3446
135 3.13833 11.677 78.0302
136 3.16167 11.5055 79.716
137 3.185 11.3531 81.404
138 3.20833 11.1711 83.0894
139 3.23167 11.0042 84.7739
140 3.255 10.8534 86.4593
141 3.27833 10.6959 88.1442
142 3.30167 10.5528 89.8303
143 3.325 10.4062 91.5166
144 3.34833 10.2686 93.204
145 3.37167 10.1704 94.8986
146 3.395 10.0704 96.5999
147 3.41833 10.0001 98.3126
148 3.44167 9.92629 100.036
149 3.465 9.89959 101.778
150 3.48833 9.87606 103.54
450000 150
1 0.0116667 0 0
2 0.035 0 0
3 0.0583333 0 0
4 0.0816667 0 0
5 0.105 0 0
6 0.128333 0 0
7 0.151667 0 0
8 0.175 0 0
9 0.198333 0 0
10 0.221667 0 0
11 0.245 0 0
12 0.268333 0 0
13 0.291667 0 0
14 0.315 0 0
15 0.338333 0 0
16 0.361667 0 0
17 0.385 0 0
18 0.408333 0 0
19 0.431667 0 0
20 0.455 0 0
21 0.478333 0 0
22 0.501667 0 0
23 0.525 0 0
24 0.548333 0 0
25 0.571667 0 0
26 0.595 0 0
27 0.618333 0 0
28 0.641667 0 0
29 0.665 0 0
30 0.688333 0 0
31 0.711667 0 0
32 0.735 0 0
33 0.758333 0 0
34 0.781667 0 0
35 0.805 0 0
36 0.828333 0 0
37 0.851667 0 0
38 0.875 0 0
39 0.898333 0.000756394 8.94737e-06
40 0.921667 0.0260803 0.000333684
41 0.945 0.439072 0.00608105
42 0.968333 3.05883 0.0481221
43 0.991667 10.7482 0.203052
44 1.015 23.669 0.560472
45 1.03833 37.2114 1.14852
46 1.06167 46.7957 1.92164
47 1.085 50.4457 2.7921
48 1.10833 49.0241 3.67481
49 1.13167 44.5759 4.51157
50 1.155 39.0204 5.27456
51 1.17833 33.4361 5.95504
52 1.20167 28.3695 6.55549
53 1.225 24.0024 7.08344
54 1.24833 20.4525 7.5506
55 1.27167 17.5799 7.9673
56 1.295 15.2431 8.34199
57 1.31833 13.3725 8.68265
58 1.34167 11.8978 8.99657
59 1.365 10.7557 9.29031
60 1.38833 9.83774 9.56824
61 1.41167 9.09668 9.83395
62 1.435 8.55374 10.0921
63 1.45833 8.16691 10.3467
64 1.48167 7.88345 10.6004
65 1.505 7.70725 10.8563
66 1.52833 7.61024 11.1168
67 1.55167 7.64161 11.3865
68 1.575 7.6899 11.6661
69 1.59833 7.90382 11.962
70 1.62167 8.17896 12.2773
71 1.645 8.55443 12.6166
72 1.66833 9.06021 12.9862
73 1.69167 9.63085 13.3902
74 1.715 10.3621 13.8369
75 1.73833 11.175 14.3319
76 1.76167 12.0422 14.8796
77 1.785 12.9852 15.4861
78 1.80833 13.9316 16.1538
79 1.83167 14.8564 16.8844
80 1.855 15.6787 17.6752
81 1.87833 16.3916 18.5228
82 1.90167 16.9799 19.4228
83 1.925 17.4095 20.3684
84 1.94833 17.7129 21.354
85 1.97167 17.9412 22.3762
86 1.995 18.0767 23.4308
87 2.01833 18.1865 24.5167
88 2.04167 18.2747 25.6332
89 2.065 18.3339 26.7791
90 2.08833 18.3089 27.9494
91 2.11167 18.1747 29.1373
92 2.135 17.924 30.3348
93 2.15833 17.5224 31.5312
94 2.18167 17.0165 32.7184
95 2.205 16.3871 33.8862
96 2.22833 15.6709 35.0267
97 2.25167 14.9342 36.1365
98 2.275 14.2061 37.2142
99 2.29833 13.5281 38.2616
100 2.32167 12.88 39.2792
101 2.345 12.2897 40.2697
102 2.36833 11.7944 41.2394
103 2.39167 11.3565 42.1915
104 2.415 11.0162 43.1332
105 2.43833 10.7461 44.0697
106 2.46167 10.5598 45.0076
107 2.485 10.4504 45.9535
108 2.50833 10.4167 46.9141
109 2.53167 10.4642 47.8971
110 2.555 10.5846 48.9099
111 2.57833 10.7675 49.959
112 2.60167 11.0308 51.0534
113 2.625 11.3032 52.195
114 2.64833 11.6702 53.3947
115 2.67167 12.042 54.6545
116 2.695 12.4298 55.9778
117 2.71833 12.8431 57.3688
118 2.74167 13.2299 58.8264
119 2.765 13.6245 60.3531
120 2.78833 13.9485 61.9426
121 2.81167 14.2631 63.5953
122 2.835 14.5125 65.3049
123 2.85833 14.7053 67.0659
124 2.88167 14.8036 68.8677
125 2.905 14.8749 70.7076
126 2.92833 14.8597 72.5753
127 2.95167 14.8001 74.4652
128 2.975 14.6955 76.3716
129 2.99833 14.5401 78.2875
130 3.02167 14.3597 80.2092
131 3.045 14.1577 82.1333
132 3.06833 13.9345 84.0561
133 3.09167 13.727 85.9793
134 3.115 13.4819 87.8967
135 3.13833 13.2761 89.8132
136 3.16167 13.0422 91.7241
137 3.185 12.8231 93.6307
138 3.20833 12.6148 95.534
139 3.23167 12.3911 97.4307
140 3.255 12.168 99.3203
141 3.27833 11.9826 101.208
142 3.30167 11.787 103.091
143 3.325 11.6117 104.973
144 3.34833 11.4521 106.855
145 3.37167 11.318 108.741
146 3.395 11.2201 110.636
147 3.41833 11.1374 112.544
148 3.44167 11.0907 114.469
149 3.465 11.0899 116.421
150 3.48833 11.093 118.399
500000 150
1 0.0116667 0 0
2 0.035 0 0
3 0.0583333 0 0
4 0.0816667 0 0
5 0.105 0 0
6 0.128333 0 0
7 0.151667 0 0
8 0.175 0 0
9 0.198333 0 0
10 0.221667 0 0
11 0.245 0 0
12 0.268333 0 0
13 0.291667 0 0
14 0.315 0 0
15 0.338333 0 0
16 0.361667 0 0
17 0.385 0 0
18 0.408333 0 0
19 0.431667 0 0
20 0.455 0 0
21 0.478333 0 0
22 0.501667 0 0
23 0.525 0 0
24 0.548333 0 0
25 0.571667 0 0
26 0.595 0 0
27 0.618333 0 0
28 0.641667 0 0
29 0.665 0 0
30 0.688333 0 0
31 0.711667 0 0
32 0.735 0 0
33 0.758333 0 0
34 0.781667 0 0
35 0.805 0 0
36 0.828333 0 0
37 0.851667 0 0
38 0.875 0 0
39 0.898333 0.000266962 3.15789e-06
40 0.921667 0.0101024 0.000128947
41 0.945 0.260226 0.00353526
42 0.968333 2.3767 0.0362011
43 0.991667 9.99976 0.180343
44 1.015 24.585 0.551595
45 1.03833 41.4576 1.20675
46 1.06167 53.6288 2.09276
47 1.085 58.1924 3.09689
48 1.10833 56.1879 4.10859
49 1.13167 50.3615 5.05395
50 1.155 43.1894 5.89846
51 1.17833 36.1095 6.63334
52 1.20167 29.9836 7.26796
53 1.225 24.7916 7.81327
54 1.24833 20.6194 8.28424
55 1.27167 17.4016 8.69671
56 1.295 14.8664 9.06214
57 1.31833 12.8457 9.38939
58 1.34167 11.312 9.68785
59 1.365 10.12 9.96423
60 1.38833 9.20285 10.2242
61 1.41167 8.52466 10.4732
62 1.435 7.99715 10.7146
63 1.45833 7.64143 10.9528
64 1.48167 7.4405 11.1922
65 1.505 7.2971 11.4345
66 1.52833 7.29934 11.6844
67 1.55167 7.3905 11.9452
68 1.575 7.53458 12.2192
69 1.59833 7.83075 12.5124
70 1.62167 8.21906 12.8292
71 1.645 8.70223 13.1743
72 1.66833 9.32956 13.555
73 1.69167 10.0939 13.9783
74 1.715 10.9835 14.4519
75 1.73833 12.0589 14.986
76 1.76167 13.2065 15.5867
77 1.785 14.4421 16.2612
78 1.80833 15.6191 17.0098
79 1.83167 16.7549 17.8337
80 1.855 17.7825 18.7306
81 1.87833 18.5887 19.6919
82 1.90167 19.1695 20.708
83 1.925 19.531 21.7688
84 1.94833 19.6871 22.8642
85 1.97167 19.6901 23.9861
86 1.995 19.6852 25.1345
87 2.01833 19.633 26.3067
88 2.04167 19.6376 27.5065
89 2.065 19.6494 28.7347
90 2.08833 19.6224 29.989
91 2.11167 19.5045 31.2638
92 2.135 19.2514 32.55
93 2.15833 18.778 33.8321
94 2.18167 18.1546 35.0986
95 2.205 17.3726 36.3367
96 2.22833 16.5187 37.5389
97 2.25167 15.6006 38.6982
98 2.275 14.6731 39.8113
99 2.29833 13.8224 40.8815
100 2.32167 13.0437 41.912
101 2.345 12.338 42.9065
102 2.36833 11.7399 43.8716
103 2.39167 11.2547 44.8152
104 2.415 10.8674 45.7442
105 2.43833 10.6254 46.6702
106 2.46167 10.4646 47.5996
107 2.485 10.3905 48.5401
108 2.50833 10.4347 49.5024
109 2.53167 10.5806 50.4964
110 2.555 10.8119 51.5309
111 2.57833 11.1094 52.6133
112 2.60167 11.499 53.7542
113 2.625 11.9456 54.9606
114 2.64833 12.4537 56.2409
115 2.67167 12.9799 57.5988
116 2.695 13.5368 59.0399
117 2.71833 14.0878 60.5657
118 2.74167 14.622 62.1767
119 2.765 15.0956 63.8683
120 2.78833 15.5052 65.6352
121 2.81167 15.8594 67.4728
122 2.835 16.1352 69.3736
123 2.85833 16.2827 71.3235
124 2.88167 16.3546 73.314
125 2.905 16.34 75.3352
126 2.92833 16.2356 77.3758
127 2.95167 16.0698 79.4279
128 2.975 15.8379 81.4824
129 2.99833 15.5525 83.5318
130 3.02167 15.2574 85.5736
131 3.045 14.9567 87.6063
132 3.06833 14.6447 89.6271
133 3.09167 14.3429 91.6365
134 3.115 14.0668 93.6371
135 3.13833 13.8053 95.6301
136 3.16167 13.5384 97.6137
137 3.185 13.2888 99.5895
138 3.20833 13.0452 101.558
139 3.23167 12.8109 103.519
140 3.255 12.5674 105.47
141 3.27833 12.3462 107.415
142 3.30167 12.1314 109.354
143 3.325 11.9378 111.288
144 3.34833 11.7738 113.223
145 3.37167 11.6164 115.158
146 3.395 11.519 117.104
147 3.41833 11.4545 119.066
148 3.44167 11.4394 121.052
149 3.465 11.4498 123.067
150 3.48833 11.5243 125.122
550000 150
1 0.0116667 0 0
2 0.035 0 0
3 0.0583333 0 0
4 0.0816667 0 0
5 0.105 0 0
6 0.128333 0 0
7 0.151667 0 0
8 0.175 0 0
9 0.198333 0 0
10 0.221667 0 0
11 0.245 0 0
12 0.268333 0 0
13 0.291667 0 0
14 0.315 0 0
15 0.338333 0 0
16 0.361667 0 0
17 0.385 0 0
18 0.408333 0 0
19 0.431667 0 0
20 0.455 0 0
21 0.478333 0 0
22 0.501667 0 0
23 0.525 0 0
24 0.548333 0 0
25 0.571667 0 0
26 0.595 0 0
27 0.618333 0 0
28 0.641667 0 0
29 0.665 0 0
30 0.688333 0 0
31 0.711667 0 0
32 0.735 0 0
33 0.758333 0 0
34 0.781667 0 0
35 0.805 0 0
36 0.828333 0 0
37 0.851667 0 0
38 0.875 0 0
39 0.898333 0 0
40 0.921667 0.00147943 1.84211e-05
41 0.945 0.090267 0.0012
42 0.968333 1.23172 0.0181289
43 0.991667 6.98285 0.118783
44 1.015 21.7056 0.446555
45 1.03833 43.8327 1.13924
46 1.06167 64.3614 2.20257
47 1.085 75.6119 3.50729
48 1.10833 75.0289 4.85822
49 1.13167 65.9981 6.0971
50 1.155 53.3704 7.14069
51 1.17833 40.7307 7.96962
52 1.20167 30.1299 8.60734
53 1.225 22.0555 9.09246
54 1.24833 16.3242 9.46533
55 1.27167 12.4112 9.75951
56 1.295 9.77409 9.99977
57 1.31833 7.95833 10.2025
58 1.34167 6.75513 10.3807
59 1.365 5.98987 10.5443
60 1.38833 5.58355 10.7021
61 1.41167 5.51018 10.863
62 1.435 5.74099 11.0363
63 1.45833 6.37998 11.2352
64 1.48167 7.32781 11.471
65 1.505 8.58495 11.756
66 1.52833 9.85163 12.0933
67 1.55167 10.867 12.4768
68 1.575 11.4331 12.8925
69 1.59833 11.3417 13.3172
70 1.62167 10.7653 13.7321
71 1.645 9.90307 14.1249
72 1.66833 9.10485 14.4963
73 1.69167 8.56763 14.8557
74 1.715 8.52856 15.2234
75 1.73833 9.00115 15.6221
76 1.76167 10.0701 16.0801
77 1.785 11.87 16.6345
78 1.80833 14.4344 17.3263
79 1.83167 17.8315 18.2032
80 1.855 21.7818 19.3018
81 1.87833 25.67 20.6293
82 1.90167 28.5408 22.1421
83 1.925 29.8351 23.7626
84 1.94833 29.2132 25.388
85 1.97167 27.0183 26.9274
86 1.995 24.0846 28.3325
87 2.01833 21.2269 29.5999
88 2.04167 19.1158 30.7678
89 2.065 17.916 31.8876
90 2.08833 17.5261 33.0079
91 2.11167 17.7119 34.1655
92 2.135 18.0597 35.3721
93 2.15833 18.3698 36.6264
94 2.18167 18.3961 37.9098
95 2.205 17.8739 39.1835
96 2.22833 16.857 40.4104
97 2.25167 15.4316 41.5571
98 2.275 13.8099 42.6048
99 2.29833 12.2544 43.5536
100 2.32167 11.0024 44.4228
101 2.345 10.2413 45.2482
102 2.36833 10.0333 46.0731
103 2.39167 10.408 46.9457
104 2.415 11.2308 47.9058
105 2.43833 12.2647 48.9746
106 2.46167 13.2045 50.1474
107 2.485 13.817 51.398
108 2.50833 13.9666 52.686
109 2.53167 13.6776 53.9709
110 2.555 13.1356 55.2278
111 2.57833 12.5843 56.4539
112 2.60167 12.2507 57.6693
113 2.625 12.1982 58.9013
114 2.64833 12.4035 60.1764
115 2.67167 12.8016 61.5157
116 2.695 13.2446 62.9257
117 2.71833 13.6698 64.4062
118 2.74167 14.08 65.9575
119 2.765 14.5035 67.5827
120 2.78833 15.0597 69.2988
121 2.81167 15.8417 71.1344
122 2.835 16.9526 73.1315
123 2.85833 18.3705 75.3314
124 2.88167 19.8966 77.7531
125 2.905 21.2464 80.3811
126 2.92833 22.0341 83.1505
127 2.95167 22.0091 85.961
128 2.975 21.1166 88.7004
129 2.99833 19.5442 91.2757
130 3.02167 17.6275 93.6347
131 3.045 15.6914 95.7672
132 3.06833 14.0106 97.7005
133 3.09167 12.7503 99.4869
134 3.115 11.9093 101.181
135 3.13833 11.4428 102.833
136 3.16167 11.2675 104.483
137 3.185 11.2926 106.162
138 3.20833 11.4055 107.883
139 3.23167 11.6568 109.668
140 3.255 11.9697 111.526
141 3.27833 12.3273 113.468
142 3.30167 12.6893 115.496
143 3.325 12.9482 117.594
144 3.34833 13.0806 119.743
145 3.37167 13.0958 121.925
146 3.395 13.0466 124.13
147 3.41833 13.0133 126.358
148 3.44167 13.0451 128.623
149 3.465 13.1435 130.936
150 3.48833 13.2698 133.303
600000 150
1 0.0116667 0 0
2 0.035 0 0
3 0.0583333 0 0
4 0.0816667 0 0
5 0.105 0 0
6 0.128333 0 0
7 0.151667 0 0
8 0.175 0 0
9 0.198333 0 0
10 0.221667 0 0
11 0.245 0 0
12 0.268333 0 0
13 0.291667 0 0
14 0.315 0 0
15 0.338333 0 0
16 0.361667 0 0
17 0.385 0 0
18 0.408333 0 0
19 0.431667 0 0
20 0.455 0 0
21 0.478333 0 0
22 0.501667 0 0
23 0.525 0 0
24 0.548333 0 0
25 0.571667 0 0
26 0.595 0 0
27 0.618333 0 0
28 0.641667 0 0
29 0.665 0 0
30 0.688333 0 0
31 0.711667 0 0
32 0.735 0 0
33 0.758333 0 0
34 0.781667 0 0
35 0.805 0 0
36 0.828333 0 0
37 0.851667 0 0
38 0.875 0 0
39 0.898333 0 0
40 0.921667 8.45391e-05 1.05263e-06
41 0.945 0.0111376 0.000146842
42 0.968333 0.330513 0.00468947
43 0.991667 3.38117 0.0534274
44 1.015 15.8673 0.293035
45 1.03833 42.5418 0.965324
46 1.06167 75.2565 2.20865
47 1.085 97.3156 3.88787
48 1.10833 99.2502 5.67492
49 1.13167 84.616 7.26329
50 1.155 62.7205 8.4897
51 1.17833 41.9419 9.34329
52 1.20167 26.005 9.8937
53 1.225 15.4467 10.2335
54 1.24833 9.02315 10.4396
55 1.27167 5.38064 10.5671
56 1.295 3.38781 10.6504
57 1.31833 2.3179 10.7094
58 1.34167 1.77267 10.7562
59 1.365 1.57549 10.7992
60 1.38833 1.70957 10.8475
61 1.41167 2.21966 10.9124
62 1.435 3.29327 11.0118
63 1.45833 5.12443 11.1715
64 1.48167 7.82292 11.4232
65 1.505 11.2016 11.7951
66 1.52833 14.5806 12.2943
67 1.55167 17.0157 12.8948
68 1.575 17.8014 13.542
69 1.59833 16.5654 14.1623
70 1.62167 13.8707 14.697
71 1.645 10.5615 15.1159
72 1.66833 7.55937 15.4243
73 1.69167 5.36374 15.6493
74 1.715 4.21636 15.831
75 1.73833 4.10072 16.0127
76 1.76167 5.0534 16.2425
77 1.785 7.39951 16.5881
78 1.80833 11.6088 17.1445
79 1.83167 18.1812 18.0386
80 1.855 26.797 19.3901
81 1.87833 35.7253 21.2376
82 1.90167 42.3419 23.4819
83 1.925 44.1697 25.881
84 1.94833 40.9136 28.1574
85 1.97167 33.9705 30.093
86 1.995 25.935 31.606
87 2.01833 19.1302 32.7482
88 2.04167 14.7743 33.6509
89 2.065 12.9348 34.4593
90 2.08833 13.0015 35.2904
91 2.11167 14.3198 36.2263
92 2.135 16.133 37.3042
93 2.15833 17.8883 38.5256
94 2.18167 18.9888 39.8503
95 2.205 18.9344 41.1996
96 2.22833 17.5339 42.4758
97 2.25167 15.0211 43.592
98 2.275 12.0441 44.5057
99 2.29833 9.32482 45.2277
100 2.32167 7.45345 45.8165
101 2.345 6.83508 46.3674
102 2.36833 7.65135 46.9965
103 2.39167 9.77997 47.8164
104 2.415 12.9135 48.9203
105 2.43833 16.2566 50.337
106 2.46167 18.9154 52.017
107 2.485 20.0437 53.8312
108 2.50833 19.4331 55.6233
109 2.53167 17.5094 57.2682
110 2.555 15.076 58.7107
111 2.57833 12.9593 59.9735
112 2.60167 11.6564 61.1299
113 2.625 11.1933 62.2604
114 2.64833 11.3396 63.4261
115 2.67167 11.7412 64.6545
116 2.695 12.0959 65.9421
117 2.71833 12.2915 67.2734
118 2.74167 12.3048 68.6291
119 2.765 12.3853 70.0169
120 2.78833 12.9276 71.4901
121 2.81167 14.368 73.155
122 2.835 17.0006 75.1577
123 2.85833 20.7602 77.6437
124 2.88167 25.0202 80.689
125 2.905 28.6801 84.2365
126 2.92833 30.5873 88.081
127 2.95167 29.9728 91.9084
128 2.975 27.081 95.4215
129 2.99833 22.6595 98.4073
130 3.02167 17.8828 100.801
131 3.045 13.6893 102.661
132 3.06833 10.5657 104.119
133 3.09167 8.6608 105.332
134 3.115 7.81333 106.443
135 3.13833 7.73456 107.56
136 3.16167 8.13782 108.752
137 3.185 8.7628 110.055
138 3.20833 9.55854 111.497
139 3.23167 10.5559 113.113
140 3.255 11.7802 114.943
141 3.27833 13.1367 117.012
142 3.30167 14.3627 119.307
143 3.325 15.1413 121.76
144 3.34833 15.3637 124.285
145 3.37167 15.1856 126.815
146 3.395 14.9102 129.334
147 3.41833 14.813 131.871
148 3.44167 15.0107 134.477
149 3.465 15.3343 137.176
150 3.48833 15.5181 139.944
